ExamenAlejandroMarino2/app/build/intermediates/manifest_merge_blame_file/debug/manifest-merger-blame-debug-report.txt
1<?xml version="1.0" encoding="utf-8"?>
2<manifest xmlns:android="http://schemas.android.com/apk/res/android"
3    package="com.example.examenalejandromarino"
4    android:versionCode="1"
5    android:versionName="1.0" >
6
7    <uses-sdk
8        android:minSdkVersion="21"
8-->src\main\AndroidManifest.xml
9        android:targetSdkVersion="33" />
9-->src\main\AndroidManifest.xml
10
11    <application
11-->src\main\AndroidManifest.xml:5:5-44:19
12        android:name="com.example.examenalejandromarino.RoomApp"
12-->src\main\AndroidManifest.xml:6:9-65
13        android:allowBackup="true"
13-->src\main\AndroidManifest.xml:7:9-35
14        android:appComponentFactory="androidx.core.app.CoreComponentFactory"
14-->[androidx.core:core:1.8.0] AndroidManifest.xml:24:18-86
15        android:dataExtractionRules="@xml/data_extraction_rules"
15-->src\main\AndroidManifest.xml:8:9-65
16        android:debuggable="true"
17        android:fullBackupContent="@xml/backup_rules"
17-->src\main\AndroidManifest.xml:9:9-54
18        android:icon="@mipmap/ic_launcher"
18-->src\main\AndroidManifest.xml:10:9-43
19        android:label="@string/app_name"
19-->src\main\AndroidManifest.xml:11:9-41
20        android:roundIcon="@mipmap/ic_launcher_round"
20-->src\main\AndroidManifest.xml:12:9-54
21        android:supportsRtl="true"
21-->src\main\AndroidManifest.xml:13:9-35
22        android:theme="@style/Theme.ExamenAlejandroMarino" >
22-->src\main\AndroidManifest.xml:14:9-59
23        <activity
23-->src\main\AndroidManifest.xml:16:9-28:20
24            android:name="com.example.examenalejandromarino.ui.pantallas.equipos.MainActivity"
24-->src\main\AndroidManifest.xml:17:13-62
25            android:exported="true" >
25-->src\main\AndroidManifest.xml:18:13-36
26            <intent-filter>
26-->src\main\AndroidManifest.xml:19:13-23:29
27                <action android:name="android.intent.action.MAIN" />
27-->src\main\AndroidManifest.xml:20:17-69
27-->src\main\AndroidManifest.xml:20:25-66
28
29                <category android:name="android.intent.category.LAUNCHER" />
29-->src\main\AndroidManifest.xml:22:17-77
29-->src\main\AndroidManifest.xml:22:27-74
30            </intent-filter>
31
32            <meta-data
32-->src\main\AndroidManifest.xml:25:13-27:36
33                android:name="android.app.lib_name"
33-->src\main\AndroidManifest.xml:26:17-52
34                android:value="" />
34-->src\main\AndroidManifest.xml:27:17-33
35        </activity>
36        <activity
36-->src\main\AndroidManifest.xml:29:9-36:20
37            android:name="com.example.examenalejandromarino.ui.pantallas.componentes.ComponentesActivity"
37-->src\main\AndroidManifest.xml:30:13-73
38            android:exported="true"
38-->src\main\AndroidManifest.xml:31:13-36
39            android:parentActivityName="com.example.examenalejandromarino.ui.pantallas.equipos.MainActivity" >
39-->src\main\AndroidManifest.xml:32:13-76
40            <meta-data
40-->src\main\AndroidManifest.xml:25:13-27:36
41                android:name="android.app.lib_name"
41-->src\main\AndroidManifest.xml:26:17-52
42                android:value="" />
42-->src\main\AndroidManifest.xml:27:17-33
43        </activity>
44        <activity
44-->src\main\AndroidManifest.xml:37:9-43:20
45            android:name="com.example.examenalejandromarino.ui.pantallas.addEquipos.AddEquiposActivity"
45-->src\main\AndroidManifest.xml:37:19-77
46            android:exported="true"
46-->src\main\AndroidManifest.xml:38:13-36
47            android:parentActivityName="com.example.examenalejandromarino.ui.pantallas.equipos.MainActivity" >
47-->src\main\AndroidManifest.xml:39:13-76
48            <meta-data
48-->src\main\AndroidManifest.xml:25:13-27:36
49                android:name="android.app.lib_name"
49-->src\main\AndroidManifest.xml:26:17-52
50                android:value="" />
50-->src\main\AndroidManifest.xml:27:17-33
51        </activity>
52
53        <service
53-->[androidx.room:room-runtime:2.4.3] AndroidManifest.xml:25:9-28:40
54            android:name="androidx.room.MultiInstanceInvalidationService"
54-->[androidx.room:room-runtime:2.4.3] AndroidManifest.xml:26:13-74
55            android:directBootAware="true"
55-->[androidx.room:room-runtime:2.4.3] AndroidManifest.xml:27:13-43
56            android:exported="false" />
56-->[androidx.room:room-runtime:2.4.3] AndroidManifest.xml:28:13-37
57
58        <provider
58-->[androidx.emoji2:emoji2:1.2.0] AndroidManifest.xml:24:9-32:20
59            android:name="androidx.startup.InitializationProvider"
59-->[androidx.emoji2:emoji2:1.2.0] AndroidManifest.xml:25:13-67
60            android:authorities="com.example.examenalejandromarino.androidx-startup"
60-->[androidx.emoji2:emoji2:1.2.0] AndroidManifest.xml:26:13-68
61            android:exported="false" >
61-->[androidx.emoji2:emoji2:1.2.0] AndroidManifest.xml:27:13-37
62            <meta-data
62-->[androidx.emoji2:emoji2:1.2.0] AndroidManifest.xml:29:13-31:52
63                android:name="androidx.emoji2.text.EmojiCompatInitializer"
63-->[androidx.emoji2:emoji2:1.2.0] AndroidManifest.xml:30:17-75
64                android:value="androidx.startup" />
64-->[androidx.emoji2:emoji2:1.2.0] AndroidManifest.xml:31:17-49
65            <meta-data
65-->[androidx.lifecycle:lifecycle-process:2.4.1] AndroidManifest.xml:31:13-33:52
66                android:name="androidx.lifecycle.ProcessLifecycleInitializer"
66-->[androidx.lifecycle:lifecycle-process:2.4.1] AndroidManifest.xml:32:17-78
67                android:value="androidx.startup" />
67-->[androidx.lifecycle:lifecycle-process:2.4.1] AndroidManifest.xml:33:17-49
68        </provider>
69    </application>
70
71</manifest>